[0m16:26:43.118522 [debug] [MainThread]: Sending event: {'category': 'dbt', 'action': 'invocation', 'label': 'start', 'context': [<snowplow_tracker.self_describing_json.SelfDescribingJson object at 0x108a7de50>, <snowplow_tracker.self_describing_json.SelfDescribingJson object at 0x108c88890>, <snowplow_tracker.self_describing_json.SelfDescribingJson object at 0x108c885c0>]}


============================== 16:26:43.120884 | bcd76833-e8b6-46df-ac0b-419aae5d39e0 ==============================
[0m16:26:43.120884 [info ] [MainThread]: Running with dbt=1.7.9
[0m16:26:43.121211 [debug] [MainThread]: running dbt with arguments {'printer_width': '80', 'indirect_selection': 'eager', 'write_json': 'True', 'log_cache_events': 'False', 'partial_parse': 'True', 'cache_selected_only': 'False', 'warn_error': 'None', 'fail_fast': 'False', 'debug': 'False', 'log_path': 'logs', 'profiles_dir': '/Users/lucasribeiro/.dbt', 'version_check': 'True', 'use_colors': 'True', 'use_experimental_parser': 'False', 'no_print': 'None', 'quiet': 'False', 'warn_error_options': 'WarnErrorOptions(include=[], exclude=[])', 'static_parser': 'True', 'log_format': 'default', 'introspect': 'True', 'target_path': 'None', 'invocation_command': 'dbt init enrichment', 'send_anonymous_usage_stats': 'True'}
[0m16:26:43.121758 [debug] [MainThread]: Starter project path: /Users/lucasribeiro/Documents/Projects/pl_postgres_bq/transform/.venv_dbt/lib/python3.12/site-packages/dbt/include/starter_project
[0m16:26:43.124220 [info ] [MainThread]: 
Your new dbt project "enrichment" was created!

For more information on how to configure the profiles.yml file,
please consult the dbt documentation here:

  https://docs.getdbt.com/docs/configure-your-profile

One more thing:

Need help? Don't hesitate to reach out to us via GitHub issues or on Slack:

  https://community.getdbt.com/

Happy modeling!

[0m16:26:43.124424 [info ] [MainThread]: Setting up your profile.
[0m16:33:39.701569 [info ] [MainThread]: Profile enrichment written to /Users/lucasribeiro/.dbt/profiles.yml using target's profile_template.yml and your supplied values. Run 'dbt debug' to validate the connection.
[0m16:33:39.716040 [debug] [MainThread]: Resource report: {"command_name": "init", "command_success": true, "command_wall_clock_time": 416.63748, "process_user_time": 0.997894, "process_kernel_time": 0.103038, "process_mem_max_rss": "121962496", "process_in_blocks": "0", "process_out_blocks": "0"}
[0m16:33:39.717146 [debug] [MainThread]: Command `dbt init` succeeded at 16:33:39.716951 after 416.64 seconds
[0m16:33:39.717650 [debug] [MainThread]: Sending event: {'category': 'dbt', 'action': 'invocation', 'label': 'end', 'context': [<snowplow_tracker.self_describing_json.SelfDescribingJson object at 0x108c885c0>, <snowplow_tracker.self_describing_json.SelfDescribingJson object at 0x1097ee5d0>, <snowplow_tracker.self_describing_json.SelfDescribingJson object at 0x10989cc80>]}
[0m16:33:39.718132 [debug] [MainThread]: Flushing usage events
[0m16:33:45.020507 [debug] [MainThread]: Error sending anonymous usage statistics. Disabling tracking for this execution. If you wish to permanently disable tracking, see: https://docs.getdbt.com/reference/global-configs#send-anonymous-usage-stats.
[0m16:38:17.372408 [debug] [MainThread]: Sending event: {'category': 'dbt', 'action': 'invocation', 'label': 'start', 'context': [<snowplow_tracker.self_describing_json.SelfDescribingJson object at 0x109502420>, <snowplow_tracker.self_describing_json.SelfDescribingJson object at 0x1097247d0>, <snowplow_tracker.self_describing_json.SelfDescribingJson object at 0x109724530>]}


============================== 16:38:17.374464 | 0886136c-d94b-45a0-8f8d-46185b6356d1 ==============================
[0m16:38:17.374464 [info ] [MainThread]: Running with dbt=1.7.9
[0m16:38:17.374784 [debug] [MainThread]: running dbt with arguments {'printer_width': '80', 'indirect_selection': 'eager', 'log_cache_events': 'False', 'write_json': 'True', 'partial_parse': 'True', 'cache_selected_only': 'False', 'warn_error': 'None', 'fail_fast': 'False', 'profiles_dir': '/Users/lucasribeiro/.dbt', 'log_path': 'logs', 'version_check': 'True', 'debug': 'False', 'use_colors': 'True', 'use_experimental_parser': 'False', 'no_print': 'None', 'quiet': 'False', 'warn_error_options': 'WarnErrorOptions(include=[], exclude=[])', 'introspect': 'True', 'static_parser': 'True', 'invocation_command': 'dbt debug', 'target_path': 'None', 'log_format': 'default', 'send_anonymous_usage_stats': 'True'}
[0m16:38:17.375114 [info ] [MainThread]: dbt version: 1.7.9
[0m16:38:17.375282 [info ] [MainThread]: python version: 3.12.2
[0m16:38:17.375429 [info ] [MainThread]: python path: /Users/lucasribeiro/Documents/Projects/pl_postgres_bq/transform/.venv_dbt/bin/python3.12
[0m16:38:17.375576 [info ] [MainThread]: os info: macOS-14.3.1-arm64-arm-64bit
[0m16:38:17.531301 [info ] [MainThread]: Error importing adapter: No module named 'dbt.adapters.postgres'
[0m16:38:17.532368 [info ] [MainThread]: Error importing adapter: No module named 'dbt.adapters.postgres'
[0m16:38:17.532643 [info ] [MainThread]: Using profiles dir at /Users/lucasribeiro/.dbt
[0m16:38:17.532812 [info ] [MainThread]: Using profiles.yml file at /Users/lucasribeiro/.dbt/profiles.yml
[0m16:38:17.532965 [info ] [MainThread]: Using dbt_project.yml file at /Users/lucasribeiro/Documents/Projects/pl_postgres_bq/transform/dbt_project.yml
[0m16:38:17.533121 [info ] [MainThread]: Configuration:
[0m16:38:17.533259 [info ] [MainThread]:   profiles.yml file [[31mERROR invalid[0m]
[0m16:38:17.533391 [info ] [MainThread]:   dbt_project.yml file [[31mERROR not found[0m]
[0m16:38:17.533524 [info ] [MainThread]: Required dependencies:
[0m16:38:17.533694 [debug] [MainThread]: Executing "git --help"
[0m16:38:17.539958 [debug] [MainThread]: STDOUT: "b"usage: git [-v | --version] [-h | --help] [-C <path>] [-c <name>=<value>]\n           [--exec-path[=<path>]] [--html-path] [--man-path] [--info-path]\n           [-p | --paginate | -P | --no-pager] [--no-replace-objects] [--bare]\n           [--git-dir=<path>] [--work-tree=<path>] [--namespace=<name>]\n           [--config-env=<name>=<envvar>] <command> [<args>]\n\nThese are common Git commands used in various situations:\n\nstart a working area (see also: git help tutorial)\n   clone     Clone a repository into a new directory\n   init      Create an empty Git repository or reinitialize an existing one\n\nwork on the current change (see also: git help everyday)\n   add       Add file contents to the index\n   mv        Move or rename a file, a directory, or a symlink\n   restore   Restore working tree files\n   rm        Remove files from the working tree and from the index\n\nexamine the history and state (see also: git help revisions)\n   bisect    Use binary search to find the commit that introduced a bug\n   diff      Show changes between commits, commit and working tree, etc\n   grep      Print lines matching a pattern\n   log       Show commit logs\n   show      Show various types of objects\n   status    Show the working tree status\n\ngrow, mark and tweak your common history\n   branch    List, create, or delete branches\n   commit    Record changes to the repository\n   merge     Join two or more development histories together\n   rebase    Reapply commits on top of another base tip\n   reset     Reset current HEAD to the specified state\n   switch    Switch branches\n   tag       Create, list, delete or verify a tag object signed with GPG\n\ncollaborate (see also: git help workflows)\n   fetch     Download objects and refs from another repository\n   pull      Fetch from and integrate with another repository or a local branch\n   push      Update remote refs along with associated objects\n\n'git help -a' and 'git help -g' list available subcommands and some\nconcept guides. See 'git help <command>' or 'git help <concept>'\nto read about a specific subcommand or concept.\nSee 'git help git' for an overview of the system.\n""
[0m16:38:17.540484 [debug] [MainThread]: STDERR: "b''"
[0m16:38:17.540683 [info ] [MainThread]:  - git [[32mOK found[0m]

[0m16:38:17.540870 [info ] [MainThread]: Connection test skipped since no profile was found
[0m16:38:17.541078 [info ] [MainThread]: [31m2 checks failed:[0m
[0m16:38:17.541231 [info ] [MainThread]: Could not load dbt_project.yml
Profile loading failed for the following reason:
Runtime Error
  Credentials in profile "owsbanco", target "dev" invalid: Runtime Error
    Could not find adapter type postgres!

Runtime Error
  Credentials in profile "spec_dbt_project", target "dev" invalid: Runtime Error
    Could not find adapter type postgres!


[0m16:38:17.541391 [info ] [MainThread]: Project loading failed for the following reason:
 project path </Users/lucasribeiro/Documents/Projects/pl_postgres_bq/transform/dbt_project.yml> not found

[0m16:38:17.542554 [debug] [MainThread]: Resource report: {"command_name": "debug", "command_wall_clock_time": 0.19488509, "process_user_time": 0.983646, "process_kernel_time": 0.096223, "process_mem_max_rss": "122896384", "command_success": false, "process_in_blocks": "0", "process_out_blocks": "0"}
[0m16:38:17.543143 [debug] [MainThread]: Command `dbt debug` failed at 16:38:17.543050 after 0.20 seconds
[0m16:38:17.543500 [debug] [MainThread]: Sending event: {'category': 'dbt', 'action': 'invocation', 'label': 'end', 'context': [<snowplow_tracker.self_describing_json.SelfDescribingJson object at 0x10b4f8ef0>, <snowplow_tracker.self_describing_json.SelfDescribingJson object at 0x10c128860>, <snowplow_tracker.self_describing_json.SelfDescribingJson object at 0x10c17aab0>]}
[0m16:38:17.543789 [debug] [MainThread]: Flushing usage events
[0m16:39:27.414815 [debug] [MainThread]: Sending event: {'category': 'dbt', 'action': 'invocation', 'label': 'start', 'context': [<snowplow_tracker.self_describing_json.SelfDescribingJson object at 0x1048be090>, <snowplow_tracker.self_describing_json.SelfDescribingJson object at 0x10433e750>, <snowplow_tracker.self_describing_json.SelfDescribingJson object at 0x10491c3b0>]}


============================== 16:39:27.416842 | 3b8eccb4-8a2d-4523-b921-5696da410b69 ==============================
[0m16:39:27.416842 [info ] [MainThread]: Running with dbt=1.7.9
[0m16:39:27.417172 [debug] [MainThread]: running dbt with arguments {'printer_width': '80', 'indirect_selection': 'eager', 'write_json': 'True', 'log_cache_events': 'False', 'partial_parse': 'True', 'cache_selected_only': 'False', 'profiles_dir': '/Users/lucasribeiro/.dbt', 'fail_fast': 'False', 'warn_error': 'None', 'log_path': 'logs', 'debug': 'False', 'version_check': 'True', 'use_colors': 'True', 'use_experimental_parser': 'False', 'no_print': 'None', 'quiet': 'False', 'warn_error_options': 'WarnErrorOptions(include=[], exclude=[])', 'invocation_command': 'dbt debug --target dev', 'log_format': 'default', 'introspect': 'True', 'target_path': 'None', 'static_parser': 'True', 'send_anonymous_usage_stats': 'True'}
[0m16:39:27.417493 [info ] [MainThread]: dbt version: 1.7.9
[0m16:39:27.417652 [info ] [MainThread]: python version: 3.12.2
[0m16:39:27.417799 [info ] [MainThread]: python path: /Users/lucasribeiro/Documents/Projects/pl_postgres_bq/transform/.venv_dbt/bin/python3.12
[0m16:39:27.417941 [info ] [MainThread]: os info: macOS-14.3.1-arm64-arm-64bit
[0m16:39:27.574105 [info ] [MainThread]: Error importing adapter: No module named 'dbt.adapters.postgres'
[0m16:39:27.575166 [info ] [MainThread]: Error importing adapter: No module named 'dbt.adapters.postgres'
[0m16:39:27.575433 [info ] [MainThread]: Using profiles dir at /Users/lucasribeiro/.dbt
[0m16:39:27.575600 [info ] [MainThread]: Using profiles.yml file at /Users/lucasribeiro/.dbt/profiles.yml
[0m16:39:27.575759 [info ] [MainThread]: Using dbt_project.yml file at /Users/lucasribeiro/Documents/Projects/pl_postgres_bq/transform/dbt_project.yml
[0m16:39:27.575915 [info ] [MainThread]: Configuration:
[0m16:39:27.576056 [info ] [MainThread]:   profiles.yml file [[31mERROR invalid[0m]
[0m16:39:27.576191 [info ] [MainThread]:   dbt_project.yml file [[31mERROR not found[0m]
[0m16:39:27.576327 [info ] [MainThread]: Required dependencies:
[0m16:39:27.576497 [debug] [MainThread]: Executing "git --help"
[0m16:39:27.582789 [debug] [MainThread]: STDOUT: "b"usage: git [-v | --version] [-h | --help] [-C <path>] [-c <name>=<value>]\n           [--exec-path[=<path>]] [--html-path] [--man-path] [--info-path]\n           [-p | --paginate | -P | --no-pager] [--no-replace-objects] [--bare]\n           [--git-dir=<path>] [--work-tree=<path>] [--namespace=<name>]\n           [--config-env=<name>=<envvar>] <command> [<args>]\n\nThese are common Git commands used in various situations:\n\nstart a working area (see also: git help tutorial)\n   clone     Clone a repository into a new directory\n   init      Create an empty Git repository or reinitialize an existing one\n\nwork on the current change (see also: git help everyday)\n   add       Add file contents to the index\n   mv        Move or rename a file, a directory, or a symlink\n   restore   Restore working tree files\n   rm        Remove files from the working tree and from the index\n\nexamine the history and state (see also: git help revisions)\n   bisect    Use binary search to find the commit that introduced a bug\n   diff      Show changes between commits, commit and working tree, etc\n   grep      Print lines matching a pattern\n   log       Show commit logs\n   show      Show various types of objects\n   status    Show the working tree status\n\ngrow, mark and tweak your common history\n   branch    List, create, or delete branches\n   commit    Record changes to the repository\n   merge     Join two or more development histories together\n   rebase    Reapply commits on top of another base tip\n   reset     Reset current HEAD to the specified state\n   switch    Switch branches\n   tag       Create, list, delete or verify a tag object signed with GPG\n\ncollaborate (see also: git help workflows)\n   fetch     Download objects and refs from another repository\n   pull      Fetch from and integrate with another repository or a local branch\n   push      Update remote refs along with associated objects\n\n'git help -a' and 'git help -g' list available subcommands and some\nconcept guides. See 'git help <command>' or 'git help <concept>'\nto read about a specific subcommand or concept.\nSee 'git help git' for an overview of the system.\n""
[0m16:39:27.583494 [debug] [MainThread]: STDERR: "b''"
[0m16:39:27.583774 [info ] [MainThread]:  - git [[32mOK found[0m]

[0m16:39:27.583973 [info ] [MainThread]: Connection test skipped since no profile was found
[0m16:39:27.584175 [info ] [MainThread]: [31m2 checks failed:[0m
[0m16:39:27.584337 [info ] [MainThread]: Could not load dbt_project.yml
Profile loading failed for the following reason:
Runtime Error
  Credentials in profile "owsbanco", target "dev" invalid: Runtime Error
    Could not find adapter type postgres!

Runtime Error
  Credentials in profile "spec_dbt_project", target "dev" invalid: Runtime Error
    Could not find adapter type postgres!


[0m16:39:27.584503 [info ] [MainThread]: Project loading failed for the following reason:
 project path </Users/lucasribeiro/Documents/Projects/pl_postgres_bq/transform/dbt_project.yml> not found

[0m16:39:27.585546 [debug] [MainThread]: Resource report: {"command_name": "debug", "command_wall_clock_time": 0.19540638, "process_user_time": 0.986117, "process_kernel_time": 0.09673, "process_mem_max_rss": "122224640", "command_success": false, "process_in_blocks": "0", "process_out_blocks": "0"}
[0m16:39:27.585909 [debug] [MainThread]: Command `dbt debug` failed at 16:39:27.585841 after 0.20 seconds
[0m16:39:27.586178 [debug] [MainThread]: Sending event: {'category': 'dbt', 'action': 'invocation', 'label': 'end', 'context': [<snowplow_tracker.self_describing_json.SelfDescribingJson object at 0x10491c680>, <snowplow_tracker.self_describing_json.SelfDescribingJson object at 0x105622cf0>, <snowplow_tracker.self_describing_json.SelfDescribingJson object at 0x10518fd10>]}
[0m16:39:27.586420 [debug] [MainThread]: Flushing usage events
