[0m15:38:06.928594 [debug] [MainThread]: Sending event: {'category': 'dbt', 'action': 'invocation', 'label': 'start', 'context': [<snowplow_tracker.self_describing_json.SelfDescribingJson object at 0x10a2ca810>, <snowplow_tracker.self_describing_json.SelfDescribingJson object at 0x10a32c680>, <snowplow_tracker.self_describing_json.SelfDescribingJson object at 0x10a32c3b0>]}


============================== 15:38:06.931105 | ca68174f-a9ce-4140-b1fb-50df9cc995fa ==============================
[0m15:38:06.931105 [info ] [MainThread]: Running with dbt=1.7.9
[0m15:38:06.931454 [debug] [MainThread]: running dbt with arguments {'printer_width': '80', 'indirect_selection': 'eager', 'write_json': 'True', 'log_cache_events': 'False', 'partial_parse': 'True', 'cache_selected_only': 'False', 'warn_error': 'None', 'fail_fast': 'False', 'debug': 'False', 'log_path': 'logs', 'profiles_dir': '/Users/lucasribeiro/.dbt', 'version_check': 'True', 'use_colors': 'True', 'use_experimental_parser': 'False', 'no_print': 'None', 'quiet': 'False', 'warn_error_options': 'WarnErrorOptions(include=[], exclude=[])', 'static_parser': 'True', 'log_format': 'default', 'invocation_command': 'dbt init data_enrichment', 'target_path': 'None', 'introspect': 'True', 'send_anonymous_usage_stats': 'True'}
[0m15:38:06.932011 [debug] [MainThread]: Starter project path: /Users/lucasribeiro/Documents/Projects/pl_postgres_bq/airflow/.venv_dbt/lib/python3.12/site-packages/dbt/include/starter_project
[0m15:38:06.935322 [info ] [MainThread]: 
Your new dbt project "data_enrichment" was created!

For more information on how to configure the profiles.yml file,
please consult the dbt documentation here:

  https://docs.getdbt.com/docs/configure-your-profile

One more thing:

Need help? Don't hesitate to reach out to us via GitHub issues or on Slack:

  https://community.getdbt.com/

Happy modeling!

[0m15:38:06.935533 [info ] [MainThread]: Setting up your profile.
[0m15:41:22.554293 [info ] [MainThread]: Profile data_enrichment written to /Users/lucasribeiro/.dbt/profiles.yml using target's profile_template.yml and your supplied values. Run 'dbt debug' to validate the connection.
[0m15:41:22.557863 [debug] [MainThread]: Resource report: {"command_name": "init", "command_success": true, "command_wall_clock_time": 195.66577, "process_user_time": 1.214817, "process_kernel_time": 0.175412, "process_mem_max_rss": "121421824", "process_in_blocks": "0", "process_out_blocks": "0"}
[0m15:41:22.558797 [debug] [MainThread]: Command `dbt init` succeeded at 15:41:22.558591 after 195.67 seconds
[0m15:41:22.559292 [debug] [MainThread]: Sending event: {'category': 'dbt', 'action': 'invocation', 'label': 'end', 'context': [<snowplow_tracker.self_describing_json.SelfDescribingJson object at 0x10a32c5f0>, <snowplow_tracker.self_describing_json.SelfDescribingJson object at 0x10ae4c2c0>, <snowplow_tracker.self_describing_json.SelfDescribingJson object at 0x10ba64e60>]}
[0m15:41:22.559808 [debug] [MainThread]: Flushing usage events
